MONGODB [WARNING] Please note that logging negatively impacts client-side performance. You should set your logging level no lower than :info in production.
MONGODB admin['$cmd'].find({:ismaster=>1}).limit(-1)


Started GET "/rails/info/properties" for 127.0.0.1 at Wed Dec 28 15:49:13 -0700 2011
  Processing by Rails::InfoController#properties as HTML
Rendered inline template (0.2ms)
Completed 200 OK in 17ms (Views: 1.1ms)
MONGODB [WARNING] Please note that logging negatively impacts client-side performance. You should set your logging level no lower than :info in production.
MONGODB admin['$cmd'].find({:ismaster=>1}).limit(-1)
MONGODB [WARNING] Please note that logging negatively impacts client-side performance. You should set your logging level no lower than :info in production.
MONGODB admin['$cmd'].find({:ismaster=>1}).limit(-1)
MONGODB [WARNING] Please note that logging negatively impacts client-side performance. You should set your logging level no lower than :info in production.
MONGODB admin['$cmd'].find({:ismaster=>1}).limit(-1)
MONGODB [WARNING] Please note that logging negatively impacts client-side performance. You should set your logging level no lower than :info in production.
MONGODB admin['$cmd'].find({:ismaster=>1}).limit(-1)
MONGODB [WARNING] Please note that logging negatively impacts client-side performance. You should set your logging level no lower than :info in production.
MONGODB admin['$cmd'].find({:ismaster=>1}).limit(-1)
MONGODB [WARNING] Please note that logging negatively impacts client-side performance. You should set your logging level no lower than :info in production.
MONGODB admin['$cmd'].find({:ismaster=>1}).limit(-1)


Started GET "/users" for 127.0.0.1 at Wed Dec 28 16:11:43 -0700 2011
  Processing by UsersController#index as HTML
MONGODB bemscape_development['system.namespaces'].find({})
MONGODB bemscape_development['$cmd'].find(#<BSON::OrderedHash:0x-24807584 {"create"=>"users"}>).limit(-1)
MONGODB bemscape_development['users'].find({})
Rendered users/index.html.erb within layouts/application (65.8ms)
Completed 200 OK in 141ms (Views: 70.9ms)


Started GET "/users/new" for 127.0.0.1 at Wed Dec 28 16:11:47 -0700 2011
  Processing by UsersController#new as HTML
Rendered users/_form.html.erb (6.5ms)
Rendered users/new.html.erb within layouts/application (9.4ms)
Completed 200 OK in 29ms (Views: 12.5ms)


Started GET "/users" for 127.0.0.1 at Wed Dec 28 16:11:50 -0700 2011
  Processing by UsersController#index as HTML
MONGODB bemscape_development['system.namespaces'].find({})
MONGODB bemscape_development['users'].find({})
Rendered users/index.html.erb within layouts/application (4.0ms)
Completed 200 OK in 65ms (Views: 7.3ms)


Started GET "/users" for 127.0.0.1 at Wed Dec 28 16:12:49 -0700 2011

ArgumentError (missing :action):
  config/routes.rb:6
  config/routes.rb:1

Rendered /home/nlong/.rvm/gems/ree-1.8.7-head@rails307/gems/actionpack-3.0.7/lib/action_dispatch/middleware/templates/rescues/_trace.erb (1.4ms)
Rendered /home/nlong/.rvm/gems/ree-1.8.7-head@rails307/gems/actionpack-3.0.7/lib/action_dispatch/middleware/templates/rescues/_request_and_response.erb (1.9ms)
Rendered /home/nlong/.rvm/gems/ree-1.8.7-head@rails307/gems/actionpack-3.0.7/lib/action_dispatch/middleware/templates/rescues/diagnostics.erb within rescues/layout (7.9ms)
MONGODB [WARNING] Please note that logging negatively impacts client-side performance. You should set your logging level no lower than :info in production.
MONGODB admin['$cmd'].find({:ismaster=>1}).limit(-1)
MONGODB [WARNING] Please note that logging negatively impacts client-side performance. You should set your logging level no lower than :info in production.
MONGODB admin['$cmd'].find({:ismaster=>1}).limit(-1)


Started GET "/" for 127.0.0.1 at Wed Dec 28 16:14:17 -0700 2011
  Processing by UsersController#index as HTML
MONGODB bemscape_development['system.namespaces'].find({})
MONGODB bemscape_development['users'].find({})
Rendered users/index.html.erb within layouts/application (4.0ms)
Completed 200 OK in 62ms (Views: 7.3ms)
